<?xml version="1.0" encoding="UTF-8"?>
<testsuite xmlns:xsi="http://www.w3.org/2001/XMLSchema-instance" xsi:noNamespaceSchemaLocation="https://maven.apache.org/surefire/maven-surefire-plugin/xsd/surefire-test-report.xsd" name="com.example.multimodule.service.MyServiceTest" time="1.853" tests="1" errors="0" skipped="0" failures="0">
  <properties>
    <property name="awt.toolkit" value="sun.lwawt.macosx.LWCToolkit"/>
    <property name="file.encoding.pkg" value="sun.io"/>
    <property name="java.specification.version" value="1.8"/>
    <property name="jdk.extensions.version" value="8.0.282.0"/>
    <property name="sun.jnu.encoding" value="UTF-8"/>
    <property name="java.class.path" value="/Users/siddhant/Jarvis/repos/code-coverage-example/basic-example/module-a/target/test-classes:/Users/siddhant/Jarvis/repos/code-coverage-example/basic-example/module-a/target/classes:/Users/siddhant/.m2/repository/org/springframework/boot/spring-boot-starter/2.4.3/spring-boot-starter-2.4.3.jar:/Users/siddhant/.m2/repository/org/springframework/boot/spring-boot/2.4.3/spring-boot-2.4.3.jar:/Users/siddhant/.m2/repository/org/springframework/spring-context/5.3.4/spring-context-5.3.4.jar:/Users/siddhant/.m2/repository/org/springframework/spring-aop/5.3.4/spring-aop-5.3.4.jar:/Users/siddhant/.m2/repository/org/springframework/spring-beans/5.3.4/spring-beans-5.3.4.jar:/Users/siddhant/.m2/repository/org/springframework/spring-expression/5.3.4/spring-expression-5.3.4.jar:/Users/siddhant/.m2/repository/org/springframework/boot/spring-boot-autoconfigure/2.4.3/spring-boot-autoconfigure-2.4.3.jar:/Users/siddhant/.m2/repository/org/springframework/boot/spring-boot-starter-logging/2.4.3/spring-boot-starter-logging-2.4.3.jar:/Users/siddhant/.m2/repository/ch/qos/logback/logback-classic/1.2.3/logback-classic-1.2.3.jar:/Users/siddhant/.m2/repository/ch/qos/logback/logback-core/1.2.3/logback-core-1.2.3.jar:/Users/siddhant/.m2/repository/org/apache/logging/log4j/log4j-to-slf4j/2.13.3/log4j-to-slf4j-2.13.3.jar:/Users/siddhant/.m2/repository/org/apache/logging/log4j/log4j-api/2.13.3/log4j-api-2.13.3.jar:/Users/siddhant/.m2/repository/org/slf4j/jul-to-slf4j/1.7.30/jul-to-slf4j-1.7.30.jar:/Users/siddhant/.m2/repository/jakarta/annotation/jakarta.annotation-api/1.3.5/jakarta.annotation-api-1.3.5.jar:/Users/siddhant/.m2/repository/org/springframework/spring-core/5.3.4/spring-core-5.3.4.jar:/Users/siddhant/.m2/repository/org/springframework/spring-jcl/5.3.4/spring-jcl-5.3.4.jar:/Users/siddhant/.m2/repository/org/yaml/snakeyaml/1.27/snakeyaml-1.27.jar:/Users/siddhant/.m2/repository/org/springframework/boot/spring-boot-starter-test/2.4.3/spring-boot-starter-test-2.4.3.jar:/Users/siddhant/.m2/repository/org/springframework/boot/spring-boot-test/2.4.3/spring-boot-test-2.4.3.jar:/Users/siddhant/.m2/repository/org/springframework/boot/spring-boot-test-autoconfigure/2.4.3/spring-boot-test-autoconfigure-2.4.3.jar:/Users/siddhant/.m2/repository/com/jayway/jsonpath/json-path/2.4.0/json-path-2.4.0.jar:/Users/siddhant/.m2/repository/net/minidev/json-smart/2.3/json-smart-2.3.jar:/Users/siddhant/.m2/repository/net/minidev/accessors-smart/1.2/accessors-smart-1.2.jar:/Users/siddhant/.m2/repository/org/ow2/asm/asm/5.0.4/asm-5.0.4.jar:/Users/siddhant/.m2/repository/org/slf4j/slf4j-api/1.7.30/slf4j-api-1.7.30.jar:/Users/siddhant/.m2/repository/jakarta/xml/bind/jakarta.xml.bind-api/2.3.3/jakarta.xml.bind-api-2.3.3.jar:/Users/siddhant/.m2/repository/jakarta/activation/jakarta.activation-api/1.2.2/jakarta.activation-api-1.2.2.jar:/Users/siddhant/.m2/repository/org/assertj/assertj-core/3.18.1/assertj-core-3.18.1.jar:/Users/siddhant/.m2/repository/org/hamcrest/hamcrest/2.2/hamcrest-2.2.jar:/Users/siddhant/.m2/repository/org/junit/jupiter/junit-jupiter/5.7.1/junit-jupiter-5.7.1.jar:/Users/siddhant/.m2/repository/org/junit/jupiter/junit-jupiter-api/5.7.1/junit-jupiter-api-5.7.1.jar:/Users/siddhant/.m2/repository/org/apiguardian/apiguardian-api/1.1.0/apiguardian-api-1.1.0.jar:/Users/siddhant/.m2/repository/org/opentest4j/opentest4j/1.2.0/opentest4j-1.2.0.jar:/Users/siddhant/.m2/repository/org/junit/platform/junit-platform-commons/1.7.1/junit-platform-commons-1.7.1.jar:/Users/siddhant/.m2/repository/org/junit/jupiter/junit-jupiter-params/5.7.1/junit-jupiter-params-5.7.1.jar:/Users/siddhant/.m2/repository/org/junit/jupiter/junit-jupiter-engine/5.7.1/junit-jupiter-engine-5.7.1.jar:/Users/siddhant/.m2/repository/org/junit/platform/junit-platform-engine/1.7.1/junit-platform-engine-1.7.1.jar:/Users/siddhant/.m2/repository/org/mockito/mockito-core/3.6.28/mockito-core-3.6.28.jar:/Users/siddhant/.m2/repository/net/bytebuddy/byte-buddy/1.10.20/byte-buddy-1.10.20.jar:/Users/siddhant/.m2/repository/net/bytebuddy/byte-buddy-agent/1.10.20/byte-buddy-agent-1.10.20.jar:/Users/siddhant/.m2/repository/org/objenesis/objenesis/3.1/objenesis-3.1.jar:/Users/siddhant/.m2/repository/org/mockito/mockito-junit-jupiter/3.6.28/mockito-junit-jupiter-3.6.28.jar:/Users/siddhant/.m2/repository/org/skyscreamer/jsonassert/1.5.0/jsonassert-1.5.0.jar:/Users/siddhant/.m2/repository/com/vaadin/external/google/android-json/0.0.20131108.vaadin1/android-json-0.0.20131108.vaadin1.jar:/Users/siddhant/.m2/repository/org/springframework/spring-test/5.3.4/spring-test-5.3.4.jar:/Users/siddhant/.m2/repository/org/xmlunit/xmlunit-core/2.7.0/xmlunit-core-2.7.0.jar:"/>
    <property name="com.ibm.zero.version" value="2"/>
    <property name="java.vm.vendor" value="Eclipse OpenJ9"/>
    <property name="com.ibm.vm.bitmode" value="64"/>
    <property name="sun.arch.data.model" value="64"/>
    <property name="user.variant" value=""/>
    <property name="com.ibm.oti.vm.library.version" value="29"/>
    <property name="java.vendor.url" value="https://adoptopenjdk.net/"/>
    <property name="user.timezone" value=""/>
    <property name="os.name" value="Mac OS X"/>
    <property name="java.vm.specification.version" value="1.8"/>
    <property name="user.country" value="US"/>
    <property name="sun.java.launcher" value="SUN_STANDARD"/>
    <property name="sun.boot.library.path" value="/Users/siddhant/.sdkman/candidates/java/8.0.282.j9-adpt/jre/lib/compressedrefs:/Users/siddhant/.sdkman/candidates/java/8.0.282.j9-adpt/jre/lib"/>
    <property name="sun.java.command" value="/Users/siddhant/Jarvis/repos/code-coverage-example/basic-example/module-a/target/surefire/surefirebooter1687810030849091312.jar /Users/siddhant/Jarvis/repos/code-coverage-example/basic-example/module-a/target/surefire 2021-05-23T19-57-14_822-jvmRun1 surefire6547848807163504521tmp surefire_07517315009502948165tmp"/>
    <property name="surefire.test.class.path" value="/Users/siddhant/Jarvis/repos/code-coverage-example/basic-example/module-a/target/test-classes:/Users/siddhant/Jarvis/repos/code-coverage-example/basic-example/module-a/target/classes:/Users/siddhant/.m2/repository/org/springframework/boot/spring-boot-starter/2.4.3/spring-boot-starter-2.4.3.jar:/Users/siddhant/.m2/repository/org/springframework/boot/spring-boot/2.4.3/spring-boot-2.4.3.jar:/Users/siddhant/.m2/repository/org/springframework/spring-context/5.3.4/spring-context-5.3.4.jar:/Users/siddhant/.m2/repository/org/springframework/spring-aop/5.3.4/spring-aop-5.3.4.jar:/Users/siddhant/.m2/repository/org/springframework/spring-beans/5.3.4/spring-beans-5.3.4.jar:/Users/siddhant/.m2/repository/org/springframework/spring-expression/5.3.4/spring-expression-5.3.4.jar:/Users/siddhant/.m2/repository/org/springframework/boot/spring-boot-autoconfigure/2.4.3/spring-boot-autoconfigure-2.4.3.jar:/Users/siddhant/.m2/repository/org/springframework/boot/spring-boot-starter-logging/2.4.3/spring-boot-starter-logging-2.4.3.jar:/Users/siddhant/.m2/repository/ch/qos/logback/logback-classic/1.2.3/logback-classic-1.2.3.jar:/Users/siddhant/.m2/repository/ch/qos/logback/logback-core/1.2.3/logback-core-1.2.3.jar:/Users/siddhant/.m2/repository/org/apache/logging/log4j/log4j-to-slf4j/2.13.3/log4j-to-slf4j-2.13.3.jar:/Users/siddhant/.m2/repository/org/apache/logging/log4j/log4j-api/2.13.3/log4j-api-2.13.3.jar:/Users/siddhant/.m2/repository/org/slf4j/jul-to-slf4j/1.7.30/jul-to-slf4j-1.7.30.jar:/Users/siddhant/.m2/repository/jakarta/annotation/jakarta.annotation-api/1.3.5/jakarta.annotation-api-1.3.5.jar:/Users/siddhant/.m2/repository/org/springframework/spring-core/5.3.4/spring-core-5.3.4.jar:/Users/siddhant/.m2/repository/org/springframework/spring-jcl/5.3.4/spring-jcl-5.3.4.jar:/Users/siddhant/.m2/repository/org/yaml/snakeyaml/1.27/snakeyaml-1.27.jar:/Users/siddhant/.m2/repository/org/springframework/boot/spring-boot-starter-test/2.4.3/spring-boot-starter-test-2.4.3.jar:/Users/siddhant/.m2/repository/org/springframework/boot/spring-boot-test/2.4.3/spring-boot-test-2.4.3.jar:/Users/siddhant/.m2/repository/org/springframework/boot/spring-boot-test-autoconfigure/2.4.3/spring-boot-test-autoconfigure-2.4.3.jar:/Users/siddhant/.m2/repository/com/jayway/jsonpath/json-path/2.4.0/json-path-2.4.0.jar:/Users/siddhant/.m2/repository/net/minidev/json-smart/2.3/json-smart-2.3.jar:/Users/siddhant/.m2/repository/net/minidev/accessors-smart/1.2/accessors-smart-1.2.jar:/Users/siddhant/.m2/repository/org/ow2/asm/asm/5.0.4/asm-5.0.4.jar:/Users/siddhant/.m2/repository/org/slf4j/slf4j-api/1.7.30/slf4j-api-1.7.30.jar:/Users/siddhant/.m2/repository/jakarta/xml/bind/jakarta.xml.bind-api/2.3.3/jakarta.xml.bind-api-2.3.3.jar:/Users/siddhant/.m2/repository/jakarta/activation/jakarta.activation-api/1.2.2/jakarta.activation-api-1.2.2.jar:/Users/siddhant/.m2/repository/org/assertj/assertj-core/3.18.1/assertj-core-3.18.1.jar:/Users/siddhant/.m2/repository/org/hamcrest/hamcrest/2.2/hamcrest-2.2.jar:/Users/siddhant/.m2/repository/org/junit/jupiter/junit-jupiter/5.7.1/junit-jupiter-5.7.1.jar:/Users/siddhant/.m2/repository/org/junit/jupiter/junit-jupiter-api/5.7.1/junit-jupiter-api-5.7.1.jar:/Users/siddhant/.m2/repository/org/apiguardian/apiguardian-api/1.1.0/apiguardian-api-1.1.0.jar:/Users/siddhant/.m2/repository/org/opentest4j/opentest4j/1.2.0/opentest4j-1.2.0.jar:/Users/siddhant/.m2/repository/org/junit/platform/junit-platform-commons/1.7.1/junit-platform-commons-1.7.1.jar:/Users/siddhant/.m2/repository/org/junit/jupiter/junit-jupiter-params/5.7.1/junit-jupiter-params-5.7.1.jar:/Users/siddhant/.m2/repository/org/junit/jupiter/junit-jupiter-engine/5.7.1/junit-jupiter-engine-5.7.1.jar:/Users/siddhant/.m2/repository/org/junit/platform/junit-platform-engine/1.7.1/junit-platform-engine-1.7.1.jar:/Users/siddhant/.m2/repository/org/mockito/mockito-core/3.6.28/mockito-core-3.6.28.jar:/Users/siddhant/.m2/repository/net/bytebuddy/byte-buddy/1.10.20/byte-buddy-1.10.20.jar:/Users/siddhant/.m2/repository/net/bytebuddy/byte-buddy-agent/1.10.20/byte-buddy-agent-1.10.20.jar:/Users/siddhant/.m2/repository/org/objenesis/objenesis/3.1/objenesis-3.1.jar:/Users/siddhant/.m2/repository/org/mockito/mockito-junit-jupiter/3.6.28/mockito-junit-jupiter-3.6.28.jar:/Users/siddhant/.m2/repository/org/skyscreamer/jsonassert/1.5.0/jsonassert-1.5.0.jar:/Users/siddhant/.m2/repository/com/vaadin/external/google/android-json/0.0.20131108.vaadin1/android-json-0.0.20131108.vaadin1.jar:/Users/siddhant/.m2/repository/org/springframework/spring-test/5.3.4/spring-test-5.3.4.jar:/Users/siddhant/.m2/repository/org/xmlunit/xmlunit-core/2.7.0/xmlunit-core-2.7.0.jar:"/>
    <property name="sun.cpu.endian" value="little"/>
    <property name="user.home" value="/Users/siddhant"/>
    <property name="user.language" value="en"/>
    <property name="java.specification.vendor" value="Oracle Corporation"/>
    <property name="java.home" value="/Users/siddhant/.sdkman/candidates/java/8.0.282.j9-adpt/jre"/>
    <property name="ibm.signalhandling.rs" value="false"/>
    <property name="jdk.extensions.name" value="Extensions for OpenJDK for Eclipse OpenJ9"/>
    <property name="basedir" value="/Users/siddhant/Jarvis/repos/code-coverage-example/basic-example/module-a"/>
    <property name="file.separator" value="/"/>
    <property name="line.separator" value="&#10;"/>
    <property name="java.vm.specification.vendor" value="Oracle Corporation"/>
    <property name="java.specification.name" value="Java Platform API Specification"/>
    <property name="java.compiler" value="j9jit29"/>
    <property name="com.ibm.util.extralibs.properties" value=""/>
    <property name="java.awt.graphicsenv" value="sun.awt.CGraphicsEnvironment"/>
    <property name="com.ibm.oti.configuration" value="scar"/>
    <property name="surefire.real.class.path" value="/Users/siddhant/Jarvis/repos/code-coverage-example/basic-example/module-a/target/surefire/surefirebooter1687810030849091312.jar:/Users/siddhant/.m2/repository/org/jacoco/org.jacoco.agent/0.8.7/org.jacoco.agent-0.8.7-runtime.jar:/Users/siddhant/.m2/repository/org/jacoco/org.jacoco.agent/0.8.7/org.jacoco.agent-0.8.7-runtime.jar"/>
    <property name="com.ibm.oti.shared.enabled" value="false"/>
    <property name="com.ibm.oti.vm.bootstrap.library.path" value="/Users/siddhant/.sdkman/candidates/java/8.0.282.j9-adpt/jre/lib/compressedrefs:/Users/siddhant/.sdkman/candidates/java/8.0.282.j9-adpt/jre/lib"/>
    <property name="sun.boot.class.path" value="/Users/siddhant/.sdkman/candidates/java/8.0.282.j9-adpt/jre/lib/compressedrefs/jclSC180/vm.jar:/Users/siddhant/.sdkman/candidates/java/8.0.282.j9-adpt/jre/lib/se-service.jar:/Users/siddhant/.sdkman/candidates/java/8.0.282.j9-adpt/jre/lib/rt.jar:/Users/siddhant/.sdkman/candidates/java/8.0.282.j9-adpt/jre/lib/resources.jar:/Users/siddhant/.sdkman/candidates/java/8.0.282.j9-adpt/jre/lib/jsse.jar:/Users/siddhant/.sdkman/candidates/java/8.0.282.j9-adpt/jre/lib/charsets.jar:/Users/siddhant/.sdkman/candidates/java/8.0.282.j9-adpt/jre/lib/jce.jar"/>
    <property name="com.ibm.cpu.endian" value="little"/>
    <property name="java.fullversion" value="1.8.0_282-b08&#10;JRE 1.8.0 Mac OS X amd64-64-Bit Compressed References 20210120_839 (JIT enabled, AOT enabled)&#10;OpenJ9   - 345e1b09e&#10;OMR      - 741e94ea8&#10;JCL      - ab07c6a8fd based on jdk8u282-b08"/>
    <property name="java.runtime.version" value="1.8.0_282-b08"/>
    <property name="user.name" value="siddhant"/>
    <property name="path.separator" value=":"/>
    <property name="os.version" value="10.16"/>
    <property name="java.endorsed.dirs" value="/Users/siddhant/.sdkman/candidates/java/8.0.282.j9-adpt/jre/lib/endorsed"/>
    <property name="java.runtime.name" value="OpenJDK Runtime Environment"/>
    <property name="ibm.signalhandling.sigint" value="true"/>
    <property name="file.encoding" value="UTF-8"/>
    <property name="java.vm.name" value="Eclipse OpenJ9 VM"/>
    <property name="ibm.signalhandling.sigchain" value="true"/>
    <property name="localRepository" value="/Users/siddhant/.m2/repository"/>
    <property name="java.io.tmpdir" value="/var/folders/m_/0qh9rd9j0m39vf9qm7n04vkr0000gr/T/"/>
    <property name="java.version" value="1.8.0_282"/>
    <property name="user.dir" value="/Users/siddhant/Jarvis/repos/code-coverage-example/basic-example/module-a"/>
    <property name="com.ibm.system.agent.path" value="/Users/siddhant/.sdkman/candidates/java/8.0.282.j9-adpt/jre/lib"/>
    <property name="os.arch" value="x86_64"/>
    <property name="java.vm.specification.name" value="Java Virtual Machine Specification"/>
    <property name="java.awt.printerjob" value="sun.lwawt.macosx.CPrinterJob"/>
    <property name="os.encoding" value="UTF-8"/>
    <property name="java.library.path" value="/Users/siddhant/.sdkman/candidates/java/8.0.282.j9-adpt/jre/lib/compressedrefs:/Users/siddhant/.sdkman/candidates/java/8.0.282.j9-adpt/jre/lib:/usr/lib"/>
    <property name="java.vm.info" value="JRE 1.8.0 Mac OS X amd64-64-Bit Compressed References 20210120_839 (JIT enabled, AOT enabled)&#10;OpenJ9   - 345e1b09e&#10;OMR      - 741e94ea8&#10;JCL      - ab07c6a8fd based on jdk8u282-b08"/>
    <property name="java.vendor" value="AdoptOpenJDK"/>
    <property name="java.vm.version" value="openj9-0.24.0"/>
    <property name="ibm.system.encoding" value="UTF-8"/>
    <property name="com.ibm.jcl.checkClassPath" value=""/>
    <property name="java.ext.dirs" value="/Users/siddhant/.sdkman/candidates/java/8.0.282.j9-adpt/jre/lib/ext"/>
    <property name="sun.io.unicode.encoding" value="UnicodeLittle"/>
    <property name="java.class.version" value="52.0"/>
  </properties>
  <testcase name="contextLoads" classname="com.example.multimodule.service.MyServiceTest" time="0.312"/>
</testsuite>